2024-05-17T19:59:58+00:00 DEBUG POST: https://ads.tiktok.com/marketing_api/api/developer/app/create_auto_approve/

{"business_platform":"PROD","smb_id":"tt4b_woocommerce_6647b73e26790httplocalhostLaviedesplanteswordpresswp-admin","smb_name":"PROD","redirect_url":"http:\/\/localhost\/La_vie_des_plantes\/wordpress\/wp-admin\/"}
 ajax: no
2024-05-17T19:59:59+00:00 DEBUG Tt4b_Mapi_Class::create_open_source_app: Response: 

HTTP/1.1 200 OK
Content-Type: application/json
X-Tt-Logid: 202405172000021643F32F57D83D4DA456,202405172000021643F32F57D83D4DA456
Strict-Transport-Security: max-age=31536000; includeSubDomains
x-tt-trace-host: 01d8bb7088f66756e8608f5cf523e7c756fab0b485ef6ae287c9bc4d3db9b2d3bec1b67739aaf69f8446983afd33fee3a325daf9a1b365a2b968c1a1994884a4da32a84cf0d311904e15ca193549f4187d2cec847013bcde9f87028ad5bf6a6a9f6392437dc7f0fc3c8de4400de3347a65
x-tt-trace-id: 00-2405172000021643F32F57D83D4DA456-174804A855284187-00
Server: TLB
Content-Encoding: gzip
Content-Length: 224
X-Origin-Response-Time: 158,23.193.96.134
X-Akamai-Request-ID: c7f963a4.34235af
Date: Fri, 17 May 2024 20:00:03 GMT
X-Cache: TCP_MISS from a2-16-11-71.deploy.akamaitechnologies.com (AkamaiGHost/11.5.0.1-56208139) (-)
Connection: close
Vary: Accept-Encoding
X-Cache-Remote: TCP_MISS from a23-193-96-134.deploy.akamaitechnologies.com (AkamaiGHost/11.5.0.1-56208139) (-)
x-tt-trace-tag: id=16;cdn-cache=miss;type=dyn
Server-Timing: cdn-cache; desc=MISS, edge; dur=393, origin; dur=158
Server-Timing: inner; dur=145
X-Parent-Response-Time: 534,2.16.11.71

{"code":0,"msg":"ok","data":{"app_secret":"3729eaec858eef9ac60c0b835a52b1085247e042","redirect_uri":"http:\/\/localhost\/La_vie_des_plantes\/wordpress\/wp-admin\/","external_data_key":"67f05d49-0c9c-4001-b3ed-1fe875bb5ecc","app_id":"7370060814234943489"}}

